<?xml version="1.0" encoding="UTF-8"?>
<testng-results ignored="0" total="2" passed="2" failed="0" skipped="0">
  <reporter-output>
  </reporter-output>
  <suite started-at="2024-05-22T18:16:42 IST" name="Testing Groups" finished-at="2024-05-22T18:16:42 IST" duration-ms="88">
    <groups>
      <group name="Regression">
        <method signature="testcasesWriting.Logout()[pri:-9, instance:seleniumlearning.testcasesWriting@72967906]" name="Logout" class="seleniumlearning.testcasesWriting"/>
      </group> <!-- Regression -->
      <group name="testing class level groups">
        <method signature="testcasesWriting.Login()[pri:-2, instance:seleniumlearning.testcasesWriting@72967906]" name="Login" class="seleniumlearning.testcasesWriting"/>
        <method signature="testcasesWriting.Logout()[pri:-9, instance:seleniumlearning.testcasesWriting@72967906]" name="Logout" class="seleniumlearning.testcasesWriting"/>
      </group> <!-- testing class level groups -->
    </groups>
    <test started-at="2024-05-22T18:16:42 IST" name="Test1" finished-at="2024-05-22T18:16:42 IST" duration-ms="88">
      <class name="seleniumlearning.testcasesWriting">
        <test-method is-config="true" signature="loginapp()[pri:0, instance:seleniumlearning.testcasesWriting@72967906]" started-at="2024-05-22T18:16:42 IST" name="loginapp" finished-at="2024-05-22T18:16:42 IST" duration-ms="12" status="PASS">
          <reporter-output>
          </reporter-output>
        </test-method> <!-- loginapp -->
        <test-method is-config="true" signature="BeforeMeth()[pri:0, instance:seleniumlearning.testcasesWriting@72967906]" started-at="2024-05-22T18:16:42 IST" name="BeforeMeth" finished-at="2024-05-22T18:16:42 IST" duration-ms="0" status="PASS">
          <reporter-output>
          </reporter-output>
        </test-method> <!-- BeforeMeth -->
        <test-method signature="Logout()[pri:-9, instance:seleniumlearning.testcasesWriting@72967906]" started-at="2024-05-22T18:16:42 IST" name="Logout" finished-at="2024-05-22T18:16:42 IST" duration-ms="10" status="PASS">
          <reporter-output>
          </reporter-output>
        </test-method> <!-- Logout -->
        <test-method is-config="true" signature="AfterMeth()[pri:0, instance:seleniumlearning.testcasesWriting@72967906]" started-at="2024-05-22T18:16:42 IST" name="AfterMeth" finished-at="2024-05-22T18:16:42 IST" duration-ms="2" status="PASS">
          <reporter-output>
          </reporter-output>
        </test-method> <!-- AfterMeth -->
        <test-method is-config="true" signature="BeforeMeth()[pri:0, instance:seleniumlearning.testcasesWriting@72967906]" started-at="2024-05-22T18:16:42 IST" name="BeforeMeth" finished-at="2024-05-22T18:16:42 IST" duration-ms="1" status="PASS">
          <reporter-output>
          </reporter-output>
        </test-method> <!-- BeforeMeth -->
        <test-method signature="Login()[pri:-2, instance:seleniumlearning.testcasesWriting@72967906]" started-at="2024-05-22T18:16:42 IST" name="Login" description="login" finished-at="2024-05-22T18:16:42 IST" duration-ms="3" status="PASS">
          <reporter-output>
          </reporter-output>
        </test-method> <!-- Login -->
        <test-method is-config="true" signature="AfterMeth()[pri:0, instance:seleniumlearning.testcasesWriting@72967906]" started-at="2024-05-22T18:16:42 IST" name="AfterMeth" finished-at="2024-05-22T18:16:42 IST" duration-ms="2" status="PASS">
          <reporter-output>
          </reporter-output>
        </test-method> <!-- AfterMeth -->
        <test-method is-config="true" signature="loggedout()[pri:0, instance:seleniumlearning.testcasesWriting@72967906]" started-at="2024-05-22T18:16:42 IST" name="loggedout" finished-at="2024-05-22T18:16:42 IST" duration-ms="0" status="PASS">
          <reporter-output>
          </reporter-output>
        </test-method> <!-- loggedout -->
      </class> <!-- seleniumlearning.testcasesWriting -->
    </test> <!-- Test1 -->
  </suite> <!-- Testing Groups -->
</testng-results>
