<?xml version="1.0" encoding="UTF-8"?>
<!-- Generated by org.testng.reporters.JUnitXMLReporter -->
<testsuite ignored="1" hostname="DESKTOP-L008IRS" failures="0" tests="1" name="GRP-Regression" time="0.08" errors="0" timestamp="2024-05-22T18:11:03 IST">
  <testcase classname="seleniumlearning.testcasesWriting" name="Logout" time="0.019"/>
  <testcase classname="seleniumlearning.testcasesWriting" name="Login" time="0.0">
    <ignored/>
  </testcase> <!-- Login -->
</testsuite> <!-- GRP-Regression -->
